state 39 contains 6 shift/reduce conflicts
state 73 contains 6 shift/reduce conflicts


-------- Grammar --------

rule 1 Program: Expr
rule 2 Program: StatementList
rule 3 StatementList: Statement
rule 4 StatementList: StatementList Statement
rule 5 Statement: ";"
rule 6 Statement: Expr ";"
rule 7 Statement: While
rule 8 Statement: Conditional
rule 9 Statement: Block
rule 10 Block: "{" "}"
rule 11 Block: "{" StatementList "}"
rule 12 While: WHILE Expr Block
rule 13 Conditional: IF Expr Block
rule 14 Conditional: IF Expr Block ELSE Block
rule 15 Expr: Expr "*" Expr
rule 16 Expr: Expr "/" Expr
rule 17 Expr: Expr "+" Expr
rule 18 Expr: Expr "-" Expr
rule 19 Expr: Expr "<" Expr
rule 20 Expr: Expr ">" Expr
rule 21 Expr: Print
rule 22 Expr: Assignment
rule 23 Expr: Value
rule 24 Expr: DESCRIBE
rule 25 Print: PRINT Expr
rule 26 Assignment: SYMBOL "=" Expr
rule 27 Assignment: SYMBOL "=" Ternary
rule 28 Ternary: Expr "?" Expr ":" Expr
rule 29 Value: "(" Expr ")"
rule 30 Value: Function
rule 31 Value: Invocation
rule 32 Value: NUMBER
rule 33 Value: STRING
rule 34 Value: SYMBOL
rule 35 Invocation: Value "[" "]"
rule 36 Invocation: Value "[" ExprList "]"
rule 37 Function: FUNCTION Block
rule 38 Function: FUNCTION "[" "]" Block
rule 39 Function: FUNCTION "[" ExprList "]" Block
rule 40 ExprList: Expr
rule 41 ExprList: ExprList "," Expr

------- Symbols -------

**Nonterminals, with rules where they appear

  $start (28)
    on right: 
    on left : 
  Program (29)
    on right: 
    on left : 1 2
  Expr (30)
    on right: 1 6 12 13 14 15 16 17 18 19 20 25 26 28 29 40 41
    on left : 15 16 17 18 19 20 21 22 23 24
  StatementList (31)
    on right: 2 4 11
    on left : 3 4
  Statement (32)
    on right: 3 4
    on left : 5 6 7 8 9
  While (33)
    on right: 7
    on left : 12
  Conditional (34)
    on right: 8
    on left : 13 14
  Block (35)
    on right: 9 12 13 14 37 38 39
    on left : 10 11
  Print (36)
    on right: 21
    on left : 25
  Assignment (37)
    on right: 22
    on left : 26 27
  Value (38)
    on right: 23 35 36
    on left : 29 30 31 32 33 34
  Ternary (39)
    on right: 27
    on left : 28
  Function (40)
    on right: 30
    on left : 37 38 39
  Invocation (41)
    on right: 31
    on left : 35 36
  ExprList (42)
    on right: 36 39 41
    on left : 40 41

**Terminals, with rules where they appear

  $end (0) 
  error (1) 
  NUMBER (2) 32
  SYMBOL (3) 26 27 34
  STRING (4) 33
  WHILE (5) 12
  PRINT (6) 25
  IF (7) 13 14
  ELSE (8) 14
  FUNCTION (9) 37 38 39
  DESCRIBE (10) 24
  "*" (11) 15
  "/" (12) 16
  "+" (13) 17
  "-" (14) 18
  "<" (15) 19
  ">" (16) 20
  "?" (17) 28
  "=" (18) 26 27
  ";" (19) 5 6
  "{" (20) 10 11
  "}" (21) 10 11
  ":" (22) 28
  "(" (23) 29
  ")" (24) 29
  "[" (25) 35 36 38 39
  "]" (26) 35 36 38 39
  "," (27) 41

--------- State ---------

state 0


  NUMBER        shift, and go to state 21
  SYMBOL        shift, and go to state 17
  STRING        shift, and go to state 22
  WHILE         shift, and go to state 10
  PRINT         shift, and go to state 16
  IF            shift, and go to state 11
  FUNCTION      shift, and go to state 23
  DESCRIBE      shift, and go to state 15
  ";"           shift, and go to state 5
  "{"           shift, and go to state 9
  "("           shift, and go to state 18

  Program       go to state 1
  Expr          go to state 2
  StatementList  go to state 3
  Statement     go to state 4
  While         go to state 6
  Conditional   go to state 7
  Block         go to state 8
  Print         go to state 12
  Assignment    go to state 13
  Value         go to state 14
  Function      go to state 19
  Invocation    go to state 20

state 1


  $end          shift, and go to state 24


state 2

   1) Program : Expr _
   6) Statement : Expr _ ";"
  15) Expr : Expr _ "*" Expr
  16) Expr : Expr _ "/" Expr
  17) Expr : Expr _ "+" Expr
  18) Expr : Expr _ "-" Expr
  19) Expr : Expr _ "<" Expr
  20) Expr : Expr _ ">" Expr

  "*"           shift, and go to state 26
  "/"           shift, and go to state 27
  "+"           shift, and go to state 28
  "-"           shift, and go to state 29
  "<"           shift, and go to state 30
  ">"           shift, and go to state 31
  ";"           shift, and go to state 25
  $default      reduce using rule 1 (Program)


state 3

   2) Program : StatementList _
   4) StatementList : StatementList _ Statement

  NUMBER        shift, and go to state 21
  SYMBOL        shift, and go to state 17
  STRING        shift, and go to state 22
  WHILE         shift, and go to state 10
  PRINT         shift, and go to state 16
  IF            shift, and go to state 11
  FUNCTION      shift, and go to state 23
  DESCRIBE      shift, and go to state 15
  ";"           shift, and go to state 5
  "{"           shift, and go to state 9
  "("           shift, and go to state 18
  $default      reduce using rule 2 (Program)

  Statement     go to state 32
  Expr          go to state 33
  While         go to state 6
  Conditional   go to state 7
  Block         go to state 8
  Print         go to state 12
  Assignment    go to state 13
  Value         go to state 14
  Function      go to state 19
  Invocation    go to state 20

state 4

   3) StatementList : Statement _

  $default      reduce using rule 3 (StatementList)


state 5

   5) Statement : ";" _

  $default      reduce using rule 5 (Statement)


state 6

   7) Statement : While _

  $default      reduce using rule 7 (Statement)


state 7

   8) Statement : Conditional _

  $default      reduce using rule 8 (Statement)


state 8

   9) Statement : Block _

  $default      reduce using rule 9 (Statement)


state 9

  10) Block : "{" _ "}"
  11) Block : "{" _ StatementList "}"

  NUMBER        shift, and go to state 21
  SYMBOL        shift, and go to state 17
  STRING        shift, and go to state 22
  WHILE         shift, and go to state 10
  PRINT         shift, and go to state 16
  IF            shift, and go to state 11
  FUNCTION      shift, and go to state 23
  DESCRIBE      shift, and go to state 15
  ";"           shift, and go to state 5
  "{"           shift, and go to state 9
  "}"           shift, and go to state 35
  "("           shift, and go to state 18

  Statement     go to state 4
  StatementList  go to state 34
  Expr          go to state 33
  While         go to state 6
  Conditional   go to state 7
  Block         go to state 8
  Print         go to state 12
  Assignment    go to state 13
  Value         go to state 14
  Function      go to state 19
  Invocation    go to state 20

state 10

  12) While : WHILE _ Expr Block

  NUMBER        shift, and go to state 21
  SYMBOL        shift, and go to state 17
  STRING        shift, and go to state 22
  PRINT         shift, and go to state 16
  FUNCTION      shift, and go to state 23
  DESCRIBE      shift, and go to state 15
  "("           shift, and go to state 18

  Expr          go to state 36
  Print         go to state 12
  Assignment    go to state 13
  Value         go to state 14
  Function      go to state 19
  Invocation    go to state 20

state 11

  13) Conditional : IF _ Expr Block
  14) Conditional : IF _ Expr Block ELSE Block

  NUMBER        shift, and go to state 21
  SYMBOL        shift, and go to state 17
  STRING        shift, and go to state 22
  PRINT         shift, and go to state 16
  FUNCTION      shift, and go to state 23
  DESCRIBE      shift, and go to state 15
  "("           shift, and go to state 18

  Expr          go to state 37
  Print         go to state 12
  Assignment    go to state 13
  Value         go to state 14
  Function      go to state 19
  Invocation    go to state 20

state 12

  21) Expr : Print _

  $default      reduce using rule 21 (Expr)


state 13

  22) Expr : Assignment _

  $default      reduce using rule 22 (Expr)


state 14

  23) Expr : Value _
  35) Invocation : Value _ "[" "]"
  36) Invocation : Value _ "[" ExprList "]"

  "["           shift, and go to state 38
  $default      reduce using rule 23 (Expr)


state 15

  24) Expr : DESCRIBE _

  $default      reduce using rule 24 (Expr)


state 16

  25) Print : PRINT _ Expr

  NUMBER        shift, and go to state 21
  SYMBOL        shift, and go to state 17
  STRING        shift, and go to state 22
  PRINT         shift, and go to state 16
  FUNCTION      shift, and go to state 23
  DESCRIBE      shift, and go to state 15
  "("           shift, and go to state 18

  Expr          go to state 39
  Print         go to state 12
  Assignment    go to state 13
  Value         go to state 14
  Function      go to state 19
  Invocation    go to state 20

state 17

  26) Assignment : SYMBOL _ "=" Expr
  27) Assignment : SYMBOL _ "=" Ternary
  34) Value : SYMBOL _

  "="           shift, and go to state 40
  $default      reduce using rule 34 (Value)


state 18

  29) Value : "(" _ Expr ")"

  NUMBER        shift, and go to state 21
  SYMBOL        shift, and go to state 17
  STRING        shift, and go to state 22
  PRINT         shift, and go to state 16
  FUNCTION      shift, and go to state 23
  DESCRIBE      shift, and go to state 15
  "("           shift, and go to state 18

  Expr          go to state 41
  Print         go to state 12
  Assignment    go to state 13
  Value         go to state 14
  Function      go to state 19
  Invocation    go to state 20

state 19

  30) Value : Function _

  $default      reduce using rule 30 (Value)


state 20

  31) Value : Invocation _

  $default      reduce using rule 31 (Value)


state 21

  32) Value : NUMBER _

  $default      reduce using rule 32 (Value)


state 22

  33) Value : STRING _

  $default      reduce using rule 33 (Value)


state 23

  37) Function : FUNCTION _ Block
  38) Function : FUNCTION _ "[" "]" Block
  39) Function : FUNCTION _ "[" ExprList "]" Block

  "{"           shift, and go to state 9
  "["           shift, and go to state 43

  Block         go to state 42

state 24


  $end          shift, and go to state 44


state 25

   6) Statement : Expr ";" _

  $default      reduce using rule 6 (Statement)


state 26

  15) Expr : Expr "*" _ Expr

  NUMBER        shift, and go to state 21
  SYMBOL        shift, and go to state 17
  STRING        shift, and go to state 22
  PRINT         shift, and go to state 16
  FUNCTION      shift, and go to state 23
  DESCRIBE      shift, and go to state 15
  "("           shift, and go to state 18

  Expr          go to state 45
  Print         go to state 12
  Assignment    go to state 13
  Value         go to state 14
  Function      go to state 19
  Invocation    go to state 20

state 27

  16) Expr : Expr "/" _ Expr

  NUMBER        shift, and go to state 21
  SYMBOL        shift, and go to state 17
  STRING        shift, and go to state 22
  PRINT         shift, and go to state 16
  FUNCTION      shift, and go to state 23
  DESCRIBE      shift, and go to state 15
  "("           shift, and go to state 18

  Expr          go to state 46
  Print         go to state 12
  Assignment    go to state 13
  Value         go to state 14
  Function      go to state 19
  Invocation    go to state 20

state 28

  17) Expr : Expr "+" _ Expr

  NUMBER        shift, and go to state 21
  SYMBOL        shift, and go to state 17
  STRING        shift, and go to state 22
  PRINT         shift, and go to state 16
  FUNCTION      shift, and go to state 23
  DESCRIBE      shift, and go to state 15
  "("           shift, and go to state 18

  Expr          go to state 47
  Print         go to state 12
  Assignment    go to state 13
  Value         go to state 14
  Function      go to state 19
  Invocation    go to state 20

state 29

  18) Expr : Expr "-" _ Expr

  NUMBER        shift, and go to state 21
  SYMBOL        shift, and go to state 17
  STRING        shift, and go to state 22
  PRINT         shift, and go to state 16
  FUNCTION      shift, and go to state 23
  DESCRIBE      shift, and go to state 15
  "("           shift, and go to state 18

  Expr          go to state 48
  Print         go to state 12
  Assignment    go to state 13
  Value         go to state 14
  Function      go to state 19
  Invocation    go to state 20

state 30

  19) Expr : Expr "<" _ Expr

  NUMBER        shift, and go to state 21
  SYMBOL        shift, and go to state 17
  STRING        shift, and go to state 22
  PRINT         shift, and go to state 16
  FUNCTION      shift, and go to state 23
  DESCRIBE      shift, and go to state 15
  "("           shift, and go to state 18

  Expr          go to state 49
  Print         go to state 12
  Assignment    go to state 13
  Value         go to state 14
  Function      go to state 19
  Invocation    go to state 20

state 31

  20) Expr : Expr ">" _ Expr

  NUMBER        shift, and go to state 21
  SYMBOL        shift, and go to state 17
  STRING        shift, and go to state 22
  PRINT         shift, and go to state 16
  FUNCTION      shift, and go to state 23
  DESCRIBE      shift, and go to state 15
  "("           shift, and go to state 18

  Expr          go to state 50
  Print         go to state 12
  Assignment    go to state 13
  Value         go to state 14
  Function      go to state 19
  Invocation    go to state 20

state 32

   4) StatementList : StatementList Statement _

  $default      reduce using rule 4 (StatementList)


state 33

   6) Statement : Expr _ ";"
  15) Expr : Expr _ "*" Expr
  16) Expr : Expr _ "/" Expr
  17) Expr : Expr _ "+" Expr
  18) Expr : Expr _ "-" Expr
  19) Expr : Expr _ "<" Expr
  20) Expr : Expr _ ">" Expr

  "*"           shift, and go to state 26
  "/"           shift, and go to state 27
  "+"           shift, and go to state 28
  "-"           shift, and go to state 29
  "<"           shift, and go to state 30
  ">"           shift, and go to state 31
  ";"           shift, and go to state 25


state 34

   4) StatementList : StatementList _ Statement
  11) Block : "{" StatementList _ "}"

  NUMBER        shift, and go to state 21
  SYMBOL        shift, and go to state 17
  STRING        shift, and go to state 22
  WHILE         shift, and go to state 10
  PRINT         shift, and go to state 16
  IF            shift, and go to state 11
  FUNCTION      shift, and go to state 23
  DESCRIBE      shift, and go to state 15
  ";"           shift, and go to state 5
  "{"           shift, and go to state 9
  "}"           shift, and go to state 51
  "("           shift, and go to state 18

  Statement     go to state 32
  Expr          go to state 33
  While         go to state 6
  Conditional   go to state 7
  Block         go to state 8
  Print         go to state 12
  Assignment    go to state 13
  Value         go to state 14
  Function      go to state 19
  Invocation    go to state 20

state 35

  10) Block : "{" "}" _

  $default      reduce using rule 10 (Block)


state 36

  12) While : WHILE Expr _ Block
  15) Expr : Expr _ "*" Expr
  16) Expr : Expr _ "/" Expr
  17) Expr : Expr _ "+" Expr
  18) Expr : Expr _ "-" Expr
  19) Expr : Expr _ "<" Expr
  20) Expr : Expr _ ">" Expr

  "*"           shift, and go to state 26
  "/"           shift, and go to state 27
  "+"           shift, and go to state 28
  "-"           shift, and go to state 29
  "<"           shift, and go to state 30
  ">"           shift, and go to state 31
  "{"           shift, and go to state 9

  Block         go to state 52

state 37

  13) Conditional : IF Expr _ Block
  14) Conditional : IF Expr _ Block ELSE Block
  15) Expr : Expr _ "*" Expr
  16) Expr : Expr _ "/" Expr
  17) Expr : Expr _ "+" Expr
  18) Expr : Expr _ "-" Expr
  19) Expr : Expr _ "<" Expr
  20) Expr : Expr _ ">" Expr

  "*"           shift, and go to state 26
  "/"           shift, and go to state 27
  "+"           shift, and go to state 28
  "-"           shift, and go to state 29
  "<"           shift, and go to state 30
  ">"           shift, and go to state 31
  "{"           shift, and go to state 9

  Block         go to state 53

state 38

  35) Invocation : Value "[" _ "]"
  36) Invocation : Value "[" _ ExprList "]"

  NUMBER        shift, and go to state 21
  SYMBOL        shift, and go to state 17
  STRING        shift, and go to state 22
  PRINT         shift, and go to state 16
  FUNCTION      shift, and go to state 23
  DESCRIBE      shift, and go to state 15
  "("           shift, and go to state 18
  "]"           shift, and go to state 55

  Expr          go to state 54
  Print         go to state 12
  Assignment    go to state 13
  Value         go to state 14
  Function      go to state 19
  Invocation    go to state 20
  ExprList      go to state 56

state 39

  15) Expr : Expr _ "*" Expr
  16) Expr : Expr _ "/" Expr
  17) Expr : Expr _ "+" Expr
  18) Expr : Expr _ "-" Expr
  19) Expr : Expr _ "<" Expr
  20) Expr : Expr _ ">" Expr
  25) Print : PRINT Expr _

  "*"           shift, and go to state 26
  "*"           [reduce using rule 25 (Print)]
  "/"           shift, and go to state 27
  "/"           [reduce using rule 25 (Print)]
  "+"           shift, and go to state 28
  "+"           [reduce using rule 25 (Print)]
  "-"           shift, and go to state 29
  "-"           [reduce using rule 25 (Print)]
  "<"           shift, and go to state 30
  "<"           [reduce using rule 25 (Print)]
  ">"           shift, and go to state 31
  ">"           [reduce using rule 25 (Print)]
  $default      reduce using rule 25 (Print)


state 40

  26) Assignment : SYMBOL "=" _ Expr
  27) Assignment : SYMBOL "=" _ Ternary

  NUMBER        shift, and go to state 21
  SYMBOL        shift, and go to state 17
  STRING        shift, and go to state 22
  PRINT         shift, and go to state 16
  FUNCTION      shift, and go to state 23
  DESCRIBE      shift, and go to state 15
  "("           shift, and go to state 18

  Expr          go to state 57
  Print         go to state 12
  Assignment    go to state 13
  Value         go to state 14
  Ternary       go to state 58
  Function      go to state 19
  Invocation    go to state 20

state 41

  15) Expr : Expr _ "*" Expr
  16) Expr : Expr _ "/" Expr
  17) Expr : Expr _ "+" Expr
  18) Expr : Expr _ "-" Expr
  19) Expr : Expr _ "<" Expr
  20) Expr : Expr _ ">" Expr
  29) Value : "(" Expr _ ")"

  "*"           shift, and go to state 26
  "/"           shift, and go to state 27
  "+"           shift, and go to state 28
  "-"           shift, and go to state 29
  "<"           shift, and go to state 30
  ">"           shift, and go to state 31
  ")"           shift, and go to state 59


state 42

  37) Function : FUNCTION Block _

  $default      reduce using rule 37 (Function)


state 43

  38) Function : FUNCTION "[" _ "]" Block
  39) Function : FUNCTION "[" _ ExprList "]" Block

  NUMBER        shift, and go to state 21
  SYMBOL        shift, and go to state 17
  STRING        shift, and go to state 22
  PRINT         shift, and go to state 16
  FUNCTION      shift, and go to state 23
  DESCRIBE      shift, and go to state 15
  "("           shift, and go to state 18
  "]"           shift, and go to state 60

  Expr          go to state 54
  Print         go to state 12
  Assignment    go to state 13
  Value         go to state 14
  Function      go to state 19
  Invocation    go to state 20
  ExprList      go to state 61

state 44


  $default      accept


state 45

  15) Expr : Expr _ "*" Expr
  15) Expr : Expr "*" Expr _
  16) Expr : Expr _ "/" Expr
  17) Expr : Expr _ "+" Expr
  18) Expr : Expr _ "-" Expr
  19) Expr : Expr _ "<" Expr
  20) Expr : Expr _ ">" Expr

  $default      reduce using rule 15 (Expr)


state 46

  15) Expr : Expr _ "*" Expr
  16) Expr : Expr _ "/" Expr
  16) Expr : Expr "/" Expr _
  17) Expr : Expr _ "+" Expr
  18) Expr : Expr _ "-" Expr
  19) Expr : Expr _ "<" Expr
  20) Expr : Expr _ ">" Expr

  $default      reduce using rule 16 (Expr)


state 47

  15) Expr : Expr _ "*" Expr
  16) Expr : Expr _ "/" Expr
  17) Expr : Expr _ "+" Expr
  17) Expr : Expr "+" Expr _
  18) Expr : Expr _ "-" Expr
  19) Expr : Expr _ "<" Expr
  20) Expr : Expr _ ">" Expr

  "*"           shift, and go to state 26
  "/"           shift, and go to state 27
  $default      reduce using rule 17 (Expr)


state 48

  15) Expr : Expr _ "*" Expr
  16) Expr : Expr _ "/" Expr
  17) Expr : Expr _ "+" Expr
  18) Expr : Expr _ "-" Expr
  18) Expr : Expr "-" Expr _
  19) Expr : Expr _ "<" Expr
  20) Expr : Expr _ ">" Expr

  "*"           shift, and go to state 26
  "/"           shift, and go to state 27
  $default      reduce using rule 18 (Expr)


state 49

  15) Expr : Expr _ "*" Expr
  16) Expr : Expr _ "/" Expr
  17) Expr : Expr _ "+" Expr
  18) Expr : Expr _ "-" Expr
  19) Expr : Expr _ "<" Expr
  19) Expr : Expr "<" Expr _
  20) Expr : Expr _ ">" Expr

  "*"           shift, and go to state 26
  "/"           shift, and go to state 27
  "+"           shift, and go to state 28
  "-"           shift, and go to state 29
  $default      reduce using rule 19 (Expr)


state 50

  15) Expr : Expr _ "*" Expr
  16) Expr : Expr _ "/" Expr
  17) Expr : Expr _ "+" Expr
  18) Expr : Expr _ "-" Expr
  19) Expr : Expr _ "<" Expr
  20) Expr : Expr _ ">" Expr
  20) Expr : Expr ">" Expr _

  "*"           shift, and go to state 26
  "/"           shift, and go to state 27
  "+"           shift, and go to state 28
  "-"           shift, and go to state 29
  $default      reduce using rule 20 (Expr)


state 51

  11) Block : "{" StatementList "}" _

  $default      reduce using rule 11 (Block)


state 52

  12) While : WHILE Expr Block _

  $default      reduce using rule 12 (While)


state 53

  13) Conditional : IF Expr Block _
  14) Conditional : IF Expr Block _ ELSE Block

  ELSE          shift, and go to state 62
  $default      reduce using rule 13 (Conditional)


state 54

  15) Expr : Expr _ "*" Expr
  16) Expr : Expr _ "/" Expr
  17) Expr : Expr _ "+" Expr
  18) Expr : Expr _ "-" Expr
  19) Expr : Expr _ "<" Expr
  20) Expr : Expr _ ">" Expr
  40) ExprList : Expr _

  "*"           shift, and go to state 26
  "/"           shift, and go to state 27
  "+"           shift, and go to state 28
  "-"           shift, and go to state 29
  "<"           shift, and go to state 30
  ">"           shift, and go to state 31
  $default      reduce using rule 40 (ExprList)


state 55

  35) Invocation : Value "[" "]" _

  $default      reduce using rule 35 (Invocation)


state 56

  36) Invocation : Value "[" ExprList _ "]"
  41) ExprList : ExprList _ "," Expr

  "]"           shift, and go to state 63
  ","           shift, and go to state 64


state 57

  15) Expr : Expr _ "*" Expr
  16) Expr : Expr _ "/" Expr
  17) Expr : Expr _ "+" Expr
  18) Expr : Expr _ "-" Expr
  19) Expr : Expr _ "<" Expr
  20) Expr : Expr _ ">" Expr
  26) Assignment : SYMBOL "=" Expr _
  28) Ternary : Expr _ "?" Expr ":" Expr

  "*"           shift, and go to state 26
  "/"           shift, and go to state 27
  "+"           shift, and go to state 28
  "-"           shift, and go to state 29
  "<"           shift, and go to state 30
  ">"           shift, and go to state 31
  "?"           shift, and go to state 65
  $default      reduce using rule 26 (Assignment)


state 58

  27) Assignment : SYMBOL "=" Ternary _

  $default      reduce using rule 27 (Assignment)


state 59

  29) Value : "(" Expr ")" _

  $default      reduce using rule 29 (Value)


state 60

  38) Function : FUNCTION "[" "]" _ Block

  "{"           shift, and go to state 9

  Block         go to state 66

state 61

  39) Function : FUNCTION "[" ExprList _ "]" Block
  41) ExprList : ExprList _ "," Expr

  "]"           shift, and go to state 67
  ","           shift, and go to state 64


state 62

  14) Conditional : IF Expr Block ELSE _ Block

  "{"           shift, and go to state 9

  Block         go to state 68

state 63

  36) Invocation : Value "[" ExprList "]" _

  $default      reduce using rule 36 (Invocation)


state 64

  41) ExprList : ExprList "," _ Expr

  NUMBER        shift, and go to state 21
  SYMBOL        shift, and go to state 17
  STRING        shift, and go to state 22
  PRINT         shift, and go to state 16
  FUNCTION      shift, and go to state 23
  DESCRIBE      shift, and go to state 15
  "("           shift, and go to state 18

  Expr          go to state 69
  Print         go to state 12
  Assignment    go to state 13
  Value         go to state 14
  Function      go to state 19
  Invocation    go to state 20

state 65

  28) Ternary : Expr "?" _ Expr ":" Expr

  NUMBER        shift, and go to state 21
  SYMBOL        shift, and go to state 17
  STRING        shift, and go to state 22
  PRINT         shift, and go to state 16
  FUNCTION      shift, and go to state 23
  DESCRIBE      shift, and go to state 15
  "("           shift, and go to state 18

  Expr          go to state 70
  Print         go to state 12
  Assignment    go to state 13
  Value         go to state 14
  Function      go to state 19
  Invocation    go to state 20

state 66

  38) Function : FUNCTION "[" "]" Block _

  $default      reduce using rule 38 (Function)


state 67

  39) Function : FUNCTION "[" ExprList "]" _ Block

  "{"           shift, and go to state 9

  Block         go to state 71

state 68

  14) Conditional : IF Expr Block ELSE Block _

  $default      reduce using rule 14 (Conditional)


state 69

  15) Expr : Expr _ "*" Expr
  16) Expr : Expr _ "/" Expr
  17) Expr : Expr _ "+" Expr
  18) Expr : Expr _ "-" Expr
  19) Expr : Expr _ "<" Expr
  20) Expr : Expr _ ">" Expr
  41) ExprList : ExprList "," Expr _

  "*"           shift, and go to state 26
  "/"           shift, and go to state 27
  "+"           shift, and go to state 28
  "-"           shift, and go to state 29
  "<"           shift, and go to state 30
  ">"           shift, and go to state 31
  $default      reduce using rule 41 (ExprList)


state 70

  15) Expr : Expr _ "*" Expr
  16) Expr : Expr _ "/" Expr
  17) Expr : Expr _ "+" Expr
  18) Expr : Expr _ "-" Expr
  19) Expr : Expr _ "<" Expr
  20) Expr : Expr _ ">" Expr
  28) Ternary : Expr "?" Expr _ ":" Expr

  "*"           shift, and go to state 26
  "/"           shift, and go to state 27
  "+"           shift, and go to state 28
  "-"           shift, and go to state 29
  "<"           shift, and go to state 30
  ">"           shift, and go to state 31
  ":"           shift, and go to state 72


state 71

  39) Function : FUNCTION "[" ExprList "]" Block _

  $default      reduce using rule 39 (Function)


state 72

  28) Ternary : Expr "?" Expr ":" _ Expr

  NUMBER        shift, and go to state 21
  SYMBOL        shift, and go to state 17
  STRING        shift, and go to state 22
  PRINT         shift, and go to state 16
  FUNCTION      shift, and go to state 23
  DESCRIBE      shift, and go to state 15
  "("           shift, and go to state 18

  Expr          go to state 73
  Print         go to state 12
  Assignment    go to state 13
  Value         go to state 14
  Function      go to state 19
  Invocation    go to state 20

state 73

  15) Expr : Expr _ "*" Expr
  16) Expr : Expr _ "/" Expr
  17) Expr : Expr _ "+" Expr
  18) Expr : Expr _ "-" Expr
  19) Expr : Expr _ "<" Expr
  20) Expr : Expr _ ">" Expr
  28) Ternary : Expr "?" Expr ":" Expr _

  "*"           shift, and go to state 26
  "*"           [reduce using rule 28 (Ternary)]
  "/"           shift, and go to state 27
  "/"           [reduce using rule 28 (Ternary)]
  "+"           shift, and go to state 28
  "+"           [reduce using rule 28 (Ternary)]
  "-"           shift, and go to state 29
  "-"           [reduce using rule 28 (Ternary)]
  "<"           shift, and go to state 30
  "<"           [reduce using rule 28 (Ternary)]
  ">"           shift, and go to state 31
  ">"           [reduce using rule 28 (Ternary)]
  $default      reduce using rule 28 (Ternary)

